<?xml version="1.0" encoding="UTF-8"?>
<!-- Generated by org.testng.reporters.JUnitXMLReporter -->
<testsuite hostname="STIPLGGNL044" ignored="2" name="Default test(failed)" tests="1" failures="0" timestamp="21 Feb 2017 09:52:28 GMT" time="9.386" errors="0">
  <testcase name="@BeforeClass tearUp" time="0.0" classname="testClasses.Aria.Verify_UserisabletoCommitOpportunity">
    <failure type="org.openqa.selenium.WebDriverException" message="unknown error: cannot get automation extension
from chrome not reachable
  (Session info: chrome=56.0.2924.76)
  (Driver info: chromedriver=2.25.426923 (0390b88869384d6eb0d5d09729679f934aab9eed),platform=Windows NT 6.1.7601 SP1 x86_64) (WARNING: The server did not provide any stacktrace information)
Command duration or timeout: 4.05 seconds
Build info: version: &amp;apos;3.0.1&amp;apos;, revision: &amp;apos;1969d75&amp;apos;, time: &amp;apos;2016-10-18 09:49:13 -0700&amp;apos;
System info: host: &amp;apos;STIPLGGNL044&amp;apos;, ip: &amp;apos;192.168.1.128&amp;apos;, os.name: &amp;apos;Windows 7&amp;apos;, os.arch: &amp;apos;amd64&amp;apos;, os.version: &amp;apos;6.1&amp;apos;, java.version: &amp;apos;1.8.0_121&amp;apos;
Driver info: org.openqa.selenium.chrome.ChromeDriver
Capabilities [{applicationCacheEnabled=false, rotatable=false, mobileEmulationEnabled=false, networkConnectionEnabled=false, chrome={chromedriverVersion=2.25.426923 (0390b88869384d6eb0d5d09729679f934aab9eed), userDataDir=C:\Users\pverma\AppData\Local\Temp\scoped_dir11916_2559}, takesHeapSnapshot=true, pageLoadStrategy=normal, databaseEnabled=false, handlesAlerts=true, hasTouchScreen=false, version=56.0.2924.76, platform=XP, browserConnectionEnabled=false, nativeEvents=true, acceptSslCerts=true, locationContextEnabled=true, webStorageEnabled=true, browserName=chrome, takesScreenshot=true, javascriptEnabled=true, cssSelectorsEnabled=true}]
Session ID: fb2be166cfa9520be580769646830782">
      <![CDATA[org.openqa.selenium.WebDriverException: unknown error: cannot get automation extension
from chrome not reachable
  (Session info: chrome=56.0.2924.76)
  (Driver info: chromedriver=2.25.426923 (0390b88869384d6eb0d5d09729679f934aab9eed),platform=Windows NT 6.1.7601 SP1 x86_64) (WARNING: The server did not provide any stacktrace information)
Command duration or timeout: 4.05 seconds
Build info: version: '3.0.1', revision: '1969d75', time: '2016-10-18 09:49:13 -0700'
System info: host: 'STIPLGGNL044', ip: '192.168.1.128', os.name: 'Windows 7', os.arch: 'amd64', os.version: '6.1', java.version: '1.8.0_121'
Driver info: org.openqa.selenium.chrome.ChromeDriver
Capabilities [{applicationCacheEnabled=false, rotatable=false, mobileEmulationEnabled=false, networkConnectionEnabled=false, chrome={chromedriverVersion=2.25.426923 (0390b88869384d6eb0d5d09729679f934aab9eed), userDataDir=C:\Users\pverma\AppData\Local\Temp\scoped_dir11916_2559}, takesHeapSnapshot=true, pageLoadStrategy=normal, databaseEnabled=false, handlesAlerts=true, hasTouchScreen=false, version=56.0.2924.76, platform=XP, browserConnectionEnabled=false, nativeEvents=true, acceptSslCerts=true, locationContextEnabled=true, webStorageEnabled=true, browserName=chrome, takesScreenshot=true, javascriptEnabled=true, cssSelectorsEnabled=true}]
Session ID: fb2be166cfa9520be580769646830782
	at org.openqa.selenium.remote.ErrorHandler.createThrowable(ErrorHandler.java:216)
	at org.openqa.selenium.remote.ErrorHandler.throwIfResponseFailed(ErrorHandler.java:168)
	at org.openqa.selenium.remote.RemoteWebDriver.execute(RemoteWebDriver.java:635)
	at org.openqa.selenium.remote.RemoteWebDriver.execute(RemoteWebDriver.java:658)
	at org.openqa.selenium.remote.RemoteWebDriver$RemoteWebDriverOptions$RemoteWindow.maximize(RemoteWebDriver.java:882)
	at setup.TestSessionInitiator._browserConfig(TestSessionInitiator.java:65)
	at setup.TestSessionInitiator.launchBrowserSession(TestSessionInitiator.java:54)
	at setup.TestSessionInitiator.<init>(TestSessionInitiator.java:24)
	at testClasses.Aria.Verify_UserisabletoCommitOpportunity.tearUp(Verify_UserisabletoCommitOpportunity.java:24)
... Removed 29 stack frames]]>
    </failure>
  </testcase> <!-- @BeforeClass tearUp -->
  <testcase name="@AfterMethod takeScreenShotOnFailure" time="0.0" classname="testClasses.Aria.Verify_UserisabletoCommitOpportunity">
    <skipped/>
  </testcase> <!-- @AfterMethod takeScreenShotOnFailure -->
  <testcase name="@AfterClass tearDown" time="0.0" classname="testClasses.Aria.Verify_UserisabletoCommitOpportunity">
    <skipped/>
  </testcase> <!-- @AfterClass tearDown -->
  <testcase name="Create_New_Opportunity" time="0.002" classname="testClasses.Aria.Verify_UserisabletoCommitOpportunity">
    <skipped/>
  </testcase> <!-- Create_New_Opportunity -->
  <testcase name="Create_New_Account" time="0.0" classname="testClasses.Aria.Verify_UserisabletoCommitOpportunity">
    <ignored/>
  </testcase> <!-- Create_New_Account -->
  <testcase name="Verify_Login_in_Salesforce" time="0.0" classname="testClasses.Aria.Verify_UserisabletoCommitOpportunity">
    <ignored/>
  </testcase> <!-- Verify_Login_in_Salesforce -->
</testsuite> <!-- Default test(failed) -->
